[2025-11-26 23:03:19,984] INFO [Controller id=0] Processing automatic preferred replica leader election (kafka.controller.KafkaController)
[2025-11-26 23:03:19,985] TRACE [Controller id=0] Checking need to trigger auto leader balancing (kafka.controller.KafkaController)
[2025-11-26 23:03:19,986] DEBUG [Controller id=0] Topics not in preferred replica for broker 0 HashMap() (kafka.controller.KafkaController)
[2025-11-26 23:03:19,986] TRACE [Controller id=0] Leader imbalance ratio for broker 0 is 0.0 (kafka.controller.KafkaController)
[2025-11-26 23:08:19,987] INFO [Controller id=0] Processing automatic preferred replica leader election (kafka.controller.KafkaController)
[2025-11-26 23:08:19,987] TRACE [Controller id=0] Checking need to trigger auto leader balancing (kafka.controller.KafkaController)
[2025-11-26 23:08:19,988] DEBUG [Controller id=0] Topics not in preferred replica for broker 0 HashMap() (kafka.controller.KafkaController)
[2025-11-26 23:08:19,988] TRACE [Controller id=0] Leader imbalance ratio for broker 0 is 0.0 (kafka.controller.KafkaController)
[2025-11-26 23:13:19,989] INFO [Controller id=0] Processing automatic preferred replica leader election (kafka.controller.KafkaController)
[2025-11-26 23:13:19,989] TRACE [Controller id=0] Checking need to trigger auto leader balancing (kafka.controller.KafkaController)
[2025-11-26 23:13:19,990] DEBUG [Controller id=0] Topics not in preferred replica for broker 0 HashMap() (kafka.controller.KafkaController)
[2025-11-26 23:13:19,991] TRACE [Controller id=0] Leader imbalance ratio for broker 0 is 0.0 (kafka.controller.KafkaController)
[2025-11-26 23:16:00,392] INFO [Controller id=0] New topics: [Set(simulation-ahahah.factory)], deleted topics: [HashSet()], new partition replica assignment [Set(TopicIdReplicaAssignment(simulation-ahahah.factory,Some(2__zvr_cS8atNQCdea47Jw),Map(simulation-ahahah.factory-0 -> ReplicaAssignment(replicas=0, addingReplicas=, removingReplicas=))))] (kafka.controller.KafkaController)
[2025-11-26 23:16:00,392] INFO [Controller id=0] New partition creation callback for simulation-ahahah.factory-0 (kafka.controller.KafkaController)
[2025-11-26 23:16:00,403] INFO [RequestSendThread controllerId=0] Controller 0 connected to cachyos-x8664:9092 (id: 0 rack: null) for sending state change requests (kafka.controller.RequestSendThread)
[2025-11-26 23:16:00,404] DEBUG [Controller id=0] Read current producerId block ProducerIdsBlock(assignedBrokerId=0, firstProducerId=0, size=1000), Zk path version 1 (kafka.controller.KafkaController)
[2025-11-26 23:16:00,406] INFO [Controller id=0] Acquired new producerId block ProducerIdsBlock(assignedBrokerId=0, firstProducerId=1000, size=1000) by writing to Zk with path version 2 (kafka.controller.KafkaController)
[2025-11-26 23:18:19,991] INFO [Controller id=0] Processing automatic preferred replica leader election (kafka.controller.KafkaController)
[2025-11-26 23:18:19,991] TRACE [Controller id=0] Checking need to trigger auto leader balancing (kafka.controller.KafkaController)
[2025-11-26 23:18:19,993] DEBUG [Controller id=0] Topics not in preferred replica for broker 0 HashMap() (kafka.controller.KafkaController)
[2025-11-26 23:18:19,993] TRACE [Controller id=0] Leader imbalance ratio for broker 0 is 0.0 (kafka.controller.KafkaController)
