[2025-11-26 23:16:00,379] INFO Creating topic simulation-ahahah.factory with configuration {} and initial partition assignment HashMap(0 -> ArrayBuffer(0)) (kafka.zk.AdminZkClient)
[2025-11-26 23:16:00,402] INFO [Controller id=0, targetBrokerId=0] Node 0 disconnected. (org.apache.kafka.clients.NetworkClient)
[2025-11-26 23:16:00,404] INFO [ReplicaFetcherManager on broker 0] Removed fetcher for partitions Set(simulation-ahahah.factory-0) (kafka.server.ReplicaFetcherManager)
[2025-11-26 23:16:00,408] INFO [LogLoader partition=simulation-ahahah.factory-0, dir=/tmp/kafka-logs] Loading producer state till offset 0 with message format version 2 (kafka.log.UnifiedLog$)
[2025-11-26 23:16:00,409] INFO Created log for partition simulation-ahahah.factory-0 in /tmp/kafka-logs/simulation-ahahah.factory-0 with properties {} (kafka.log.LogManager)
[2025-11-26 23:16:00,409] INFO [Partition simulation-ahahah.factory-0 broker=0] No checkpointed highwatermark is found for partition simulation-ahahah.factory-0 (kafka.cluster.Partition)
[2025-11-26 23:16:00,409] INFO [Partition simulation-ahahah.factory-0 broker=0] Log loaded for partition simulation-ahahah.factory-0 with initial high watermark 0 (kafka.cluster.Partition)
[2025-11-26 23:16:00,890] INFO [GroupCoordinator 0]: Dynamic member with unknown member id joins group Factory-Simulation-Group in Empty state. Created a new member id consumer-Factory-Simulation-Group-1-76ce47c9-d46d-4058-bf75-a768f3601f34 and request the member to rejoin with this id. (kafka.coordinator.group.GroupCoordinator)
[2025-11-26 23:16:00,893] INFO [GroupCoordinator 0]: Preparing to rebalance group Factory-Simulation-Group in state PreparingRebalance with old generation 16 (__consumer_offsets-40) (reason: Adding new member consumer-Factory-Simulation-Group-1-76ce47c9-d46d-4058-bf75-a768f3601f34 with group instance id None; client reason: need to re-join with the given member-id: consumer-Factory-Simulation-Group-1-76ce47c9-d46d-4058-bf75-a768f3601f34) (kafka.coordinator.group.GroupCoordinator)
[2025-11-26 23:16:00,895] INFO [GroupCoordinator 0]: Stabilized group Factory-Simulation-Group generation 17 (__consumer_offsets-40) with 1 members (kafka.coordinator.group.GroupCoordinator)
[2025-11-26 23:16:00,904] INFO [GroupCoordinator 0]: Assignment received from leader consumer-Factory-Simulation-Group-1-76ce47c9-d46d-4058-bf75-a768f3601f34 for group Factory-Simulation-Group for generation 17. The group has 1 members, 0 of which are static. (kafka.coordinator.group.GroupCoordinator)
[2025-11-26 23:16:03,913] INFO [GroupCoordinator 0]: Preparing to rebalance group Factory-Simulation-Group in state PreparingRebalance with old generation 17 (__consumer_offsets-40) (reason: Removing member consumer-Factory-Simulation-Group-1-76ce47c9-d46d-4058-bf75-a768f3601f34 on LeaveGroup; client reason: the consumer is being closed) (kafka.coordinator.group.GroupCoordinator)
[2025-11-26 23:16:03,913] INFO [GroupCoordinator 0]: Group Factory-Simulation-Group with generation 18 is now empty (__consumer_offsets-40) (kafka.coordinator.group.GroupCoordinator)
[2025-11-26 23:16:03,914] INFO [GroupCoordinator 0]: Member MemberMetadata(memberId=consumer-Factory-Simulation-Group-1-76ce47c9-d46d-4058-bf75-a768f3601f34, groupInstanceId=None, clientId=consumer-Factory-Simulation-Group-1, clientHost=/127.0.0.1, sessionTimeoutMs=45000, rebalanceTimeoutMs=300000, supportedProtocols=List(range, cooperative-sticky)) has left group Factory-Simulation-Group through explicit `LeaveGroup`; client reason: the consumer is being closed (kafka.coordinator.group.GroupCoordinator)
[2025-11-26 23:16:06,608] INFO [GroupCoordinator 0]: Dynamic member with unknown member id joins group Factory-Simulation-Group in Empty state. Created a new member id consumer-Factory-Simulation-Group-2-15351dc6-a9cb-42cf-8162-eea09fbc606b and request the member to rejoin with this id. (kafka.coordinator.group.GroupCoordinator)
[2025-11-26 23:16:06,610] INFO [GroupCoordinator 0]: Preparing to rebalance group Factory-Simulation-Group in state PreparingRebalance with old generation 18 (__consumer_offsets-40) (reason: Adding new member consumer-Factory-Simulation-Group-2-15351dc6-a9cb-42cf-8162-eea09fbc606b with group instance id None; client reason: need to re-join with the given member-id: consumer-Factory-Simulation-Group-2-15351dc6-a9cb-42cf-8162-eea09fbc606b) (kafka.coordinator.group.GroupCoordinator)
[2025-11-26 23:16:06,611] INFO [GroupCoordinator 0]: Stabilized group Factory-Simulation-Group generation 19 (__consumer_offsets-40) with 1 members (kafka.coordinator.group.GroupCoordinator)
[2025-11-26 23:16:06,613] INFO [GroupCoordinator 0]: Assignment received from leader consumer-Factory-Simulation-Group-2-15351dc6-a9cb-42cf-8162-eea09fbc606b for group Factory-Simulation-Group for generation 19. The group has 1 members, 0 of which are static. (kafka.coordinator.group.GroupCoordinator)
[2025-11-26 23:16:10,167] INFO [GroupCoordinator 0]: Preparing to rebalance group Factory-Simulation-Group in state PreparingRebalance with old generation 19 (__consumer_offsets-40) (reason: Removing member consumer-Factory-Simulation-Group-2-15351dc6-a9cb-42cf-8162-eea09fbc606b on LeaveGroup; client reason: the consumer is being closed) (kafka.coordinator.group.GroupCoordinator)
[2025-11-26 23:16:10,167] INFO [GroupCoordinator 0]: Group Factory-Simulation-Group with generation 20 is now empty (__consumer_offsets-40) (kafka.coordinator.group.GroupCoordinator)
[2025-11-26 23:16:10,167] INFO [GroupCoordinator 0]: Member MemberMetadata(memberId=consumer-Factory-Simulation-Group-2-15351dc6-a9cb-42cf-8162-eea09fbc606b, groupInstanceId=None, clientId=consumer-Factory-Simulation-Group-2, clientHost=/127.0.0.1, sessionTimeoutMs=45000, rebalanceTimeoutMs=300000, supportedProtocols=List(range, cooperative-sticky)) has left group Factory-Simulation-Group through explicit `LeaveGroup`; client reason: the consumer is being closed (kafka.coordinator.group.GroupCoordinator)
