[2025-11-26T22:48:08.396+0100][gc,init] CardTable entry size: 512
[2025-11-26T22:48:08.396+0100][gc     ] Using G1
[2025-11-26T22:48:08.400+0100][gc,init] Version: 21.0.9+10 (release)
[2025-11-26T22:48:08.400+0100][gc,init] CPUs: 20 total, 20 available
[2025-11-26T22:48:08.400+0100][gc,init] Memory: 31706M
[2025-11-26T22:48:08.400+0100][gc,init] Large Page Support: Disabled
[2025-11-26T22:48:08.400+0100][gc,init] NUMA Support: Disabled
[2025-11-26T22:48:08.400+0100][gc,init] Compressed Oops: Enabled (32-bit)
[2025-11-26T22:48:08.400+0100][gc,init] Heap Region Size: 1M
[2025-11-26T22:48:08.400+0100][gc,init] Heap Min Capacity: 512M
[2025-11-26T22:48:08.400+0100][gc,init] Heap Initial Capacity: 512M
[2025-11-26T22:48:08.400+0100][gc,init] Heap Max Capacity: 512M
[2025-11-26T22:48:08.400+0100][gc,init] Pre-touch: Disabled
[2025-11-26T22:48:08.400+0100][gc,init] Parallel Workers: 15
[2025-11-26T22:48:08.400+0100][gc,init] Concurrent Workers: 4
[2025-11-26T22:48:08.400+0100][gc,init] Concurrent Refinement Workers: 15
[2025-11-26T22:48:08.400+0100][gc,init] Periodic GC: Disabled
[2025-11-26T22:48:08.409+0100][gc,metaspace] CDS archive(s) mapped at: [0x00007f30b3000000-0x00007f30b3ca0000-0x00007f30b3ca0000), size 13238272, SharedBaseAddress: 0x00007f30b3000000, ArchiveRelocationMode: 1.
[2025-11-26T22:48:08.409+0100][gc,metaspace] Compressed class space mapped at: 0x00007f30b4000000-0x00007f30f4000000, reserved size: 1073741824
[2025-11-26T22:48:08.409+0100][gc,metaspace] Narrow klass base: 0x00007f30b3000000, Narrow klass shift: 0, Narrow klass range: 0x100000000
[2025-11-26T22:48:08.657+0100][gc,start    ] GC(0) Pause Young (Normal) (G1 Evacuation Pause)
[2025-11-26T22:48:08.657+0100][gc,task     ] GC(0) Using 12 workers of 15 for evacuation
[2025-11-26T22:48:08.660+0100][gc,phases   ] GC(0)   Pre Evacuate Collection Set: 0,11ms
[2025-11-26T22:48:08.660+0100][gc,phases   ] GC(0)   Merge Heap Roots: 0,02ms
[2025-11-26T22:48:08.660+0100][gc,phases   ] GC(0)   Evacuate Collection Set: 2,31ms
[2025-11-26T22:48:08.660+0100][gc,phases   ] GC(0)   Post Evacuate Collection Set: 0,26ms
[2025-11-26T22:48:08.660+0100][gc,phases   ] GC(0)   Other: 0,49ms
[2025-11-26T22:48:08.660+0100][gc,heap     ] GC(0) Eden regions: 25->0(21)
[2025-11-26T22:48:08.660+0100][gc,heap     ] GC(0) Survivor regions: 0->4(4)
[2025-11-26T22:48:08.660+0100][gc,heap     ] GC(0) Old regions: 2->6
[2025-11-26T22:48:08.660+0100][gc,heap     ] GC(0) Humongous regions: 0->0
[2025-11-26T22:48:08.660+0100][gc,metaspace] GC(0) Metaspace: 7843K(8000K)->7843K(8000K) NonClass: 7023K(7104K)->7023K(7104K) Class: 820K(896K)->820K(896K)
[2025-11-26T22:48:08.660+0100][gc          ] GC(0) Pause Young (Normal) (G1 Evacuation Pause) 26M->9M(512M) 3,312ms
[2025-11-26T22:48:08.660+0100][gc,cpu      ] GC(0) User=0,02s Sys=0,01s Real=0,00s
